2018-05-13 15:36:03.834 [http-nio-8080-exec-6] DEBUG c.springframework.demo.controller.HelloController - /say...
2018-05-13 15:36:57.509 [http-nio-8080-exec-5] DEBUG c.springframework.demo.controller.HelloController - /say...
2018-05-13 15:37:04.416 [http-nio-8080-exec-7] DEBUG c.springframework.demo.controller.HelloController - /say...
2018-05-13 15:39:08.183 [http-nio-8080-exec-10] DEBUG c.springframework.demo.controller.HelloController - /say...
2018-05-13 15:39:33.132 [http-nio-8080-exec-1] DEBUG c.springframework.demo.controller.HelloController - /say...
2018-05-13 15:39:47.638 [http-nio-8080-exec-2] DEBUG c.springframework.demo.controller.HelloController - /say...
2018-05-13 15:42:35.342 [http-nio-8080-exec-4] DEBUG c.springframework.demo.controller.HelloController - /say...
2018-05-13 15:42:47.895 [http-nio-8080-exec-5] DEBUG c.springframework.demo.controller.HelloController - /say...
2018-05-13 15:43:30.972 [http-nio-8080-exec-6] DEBUG c.springframework.demo.controller.HelloController - /say...
2018-05-13 15:45:16.620 [http-nio-8080-exec-8] DEBUG c.springframework.demo.controller.HelloController - /say...
2018-05-13 15:57:50.892 [http-nio-8080-exec-7] DEBUG c.springframework.demo.controller.HelloController - /say...
2018-05-13 19:09:42.780 [http-nio-8080-exec-4] INFO  c.s.demo.interceptor.TestInterceptor1 - >>>>>>>>>>>>>>>>>>>>>>>>> preHandle 1 
2018-05-13 19:11:12.452 [http-nio-8080-exec-7] INFO  c.s.demo.interceptor.TestInterceptor1 - >>>>>>>>>>>>>>>>>>>>>>>>> preHandle 1 
2018-05-13 19:11:12.622 [http-nio-8080-exec-8] INFO  c.s.demo.interceptor.TestInterceptor1 - >>>>>>>>>>>>>>>>>>>>>>>>> preHandle 1 
2018-05-13 19:11:12.797 [http-nio-8080-exec-9] INFO  c.s.demo.interceptor.TestInterceptor1 - >>>>>>>>>>>>>>>>>>>>>>>>> preHandle 1 
2018-05-13 19:11:13.102 [http-nio-8080-exec-10] INFO  c.s.demo.interceptor.TestInterceptor1 - >>>>>>>>>>>>>>>>>>>>>>>>> preHandle 1 
2018-05-13 19:11:13.269 [http-nio-8080-exec-1] INFO  c.s.demo.interceptor.TestInterceptor1 - >>>>>>>>>>>>>>>>>>>>>>>>> preHandle 1 
2018-05-13 19:14:20.058 [http-nio-8080-exec-5] DEBUG c.springframework.demo.controller.HelloController - /say...
2018-05-13 19:15:06.009 [http-nio-8080-exec-4] DEBUG c.springframework.demo.controller.HelloController - /say...
2018-05-13 19:15:39.280 [http-nio-8080-exec-4] INFO  c.s.demo.interceptor.TestInterceptor1 - >>>>>>>>>>>>>>>>>>>>>>>>> preHandle 1 
2018-05-13 19:23:32.843 [http-nio-8080-exec-6] INFO  c.s.demo.interceptor.TestInterceptor1 - >>>>>>>>>>>>>>>>>>>>>>>>> preHandle 1 
2018-05-13 19:25:58.371 [http-nio-8080-exec-4] INFO  c.s.demo.interceptor.TestInterceptor1 - >>>>>>>>>>>>>>>>>>>>>>>>> preHandle 1 
2018-05-13 19:30:42.710 [http-nio-8080-exec-4] INFO  c.s.demo.interceptor.TestInterceptor1 - >>>>>>>>>>>>>>>>>>>>>>>>> preHandle 1 
2018-05-13 19:35:23.885 [http-nio-8080-exec-6] INFO  c.s.demo.interceptor.TestInterceptor1 - >>>>>>>>>>>>>>>>>>>>>>>>> preHandle 1 
2018-05-13 19:36:30.946 [http-nio-8080-exec-3] INFO  c.s.demo.interceptor.TestInterceptor1 - >>>>>>>>>>>>>>>>>>>>>>>>> preHandle 1 
2018-05-13 19:38:18.503 [http-nio-8080-exec-7] INFO  c.s.demo.interceptor.TestInterceptor1 - >>>>>>>>>>>>>>>>>>>>>>>>> preHandle 1 
2018-05-13 19:47:07.794 [http-nio-8080-exec-5] INFO  c.s.demo.interceptor.TestInterceptor1 - >>>>>>>>>>>>>>>>>>>>>>>>> preHandle 1 
2018-05-13 19:47:46.784 [http-nio-8080-exec-4] INFO  c.s.demo.interceptor.TestInterceptor1 - >>>>>>>>>>>>>>>>>>>>>>>>> preHandle 1 
2018-05-13 19:47:46.796 [http-nio-8080-exec-4] INFO  c.s.demo.interceptor.TestInterceptor2 - >>>>>>>>>>>>>>>>>>>>>>>>> preHandle 2 
2018-05-13 19:47:46.815 [http-nio-8080-exec-4] DEBUG c.springframework.demo.controller.HelloController - /say...
2018-05-13 19:47:46.836 [http-nio-8080-exec-4] INFO  c.s.demo.interceptor.TestInterceptor2 - >>>>>>>>>>>>>>>>>>>>>>>>> postHandle 2 
2018-05-13 19:47:46.836 [http-nio-8080-exec-4] INFO  c.s.demo.interceptor.TestInterceptor1 - >>>>>>>>>>>>>>>>>>>>>>>>> postHandle 1 
2018-05-13 19:47:46.836 [http-nio-8080-exec-4] INFO  c.s.demo.interceptor.TestInterceptor2 - >>>>>>>>>>>>>>>>>>>>>>>>> afterCompletion 2 
2018-05-13 19:47:46.836 [http-nio-8080-exec-4] INFO  c.s.demo.interceptor.TestInterceptor1 - >>>>>>>>>>>>>>>>>>>>>>>>> afterCompletion 1 
2018-05-13 22:36:14.640 [http-nio-8080-exec-6] INFO  c.s.demo.interceptor.TestInterceptor1 - >>>>>>>>>>>>>>>>>>>>>>>>> preHandle 1 
2018-05-13 22:37:51.277 [http-nio-8080-exec-6] INFO  c.s.demo.interceptor.TestInterceptor1 - >>>>>>>>>>>>>>>>>>>>>>>>> preHandle 1 
2018-05-13 22:37:51.281 [http-nio-8080-exec-6] INFO  c.s.demo.interceptor.TestInterceptor1 - className = org.springframework.web.method.HandlerMethod
2018-05-13 22:43:00.249 [http-nio-8080-exec-6] INFO  c.s.demo.interceptor.TestInterceptor1 - >>>>>>>>>>>>>>>>>>>>>>>>> preHandle 1 
2018-05-13 22:43:00.254 [http-nio-8080-exec-6] INFO  c.s.demo.interceptor.TestInterceptor1 - testPark = PRIVATE
2018-05-13 22:43:00.256 [http-nio-8080-exec-6] INFO  c.s.demo.interceptor.TestInterceptor2 - >>>>>>>>>>>>>>>>>>>>>>>>> preHandle 2 
2018-05-13 22:43:00.274 [http-nio-8080-exec-6] DEBUG c.springframework.demo.controller.HelloController - /say...
2018-05-13 22:43:00.297 [http-nio-8080-exec-6] INFO  c.s.demo.interceptor.TestInterceptor2 - >>>>>>>>>>>>>>>>>>>>>>>>> postHandle 2 
2018-05-13 22:43:00.297 [http-nio-8080-exec-6] INFO  c.s.demo.interceptor.TestInterceptor1 - >>>>>>>>>>>>>>>>>>>>>>>>> postHandle 1 
2018-05-13 22:43:00.297 [http-nio-8080-exec-6] INFO  c.s.demo.interceptor.TestInterceptor2 - >>>>>>>>>>>>>>>>>>>>>>>>> afterCompletion 2 
2018-05-13 22:43:00.297 [http-nio-8080-exec-6] INFO  c.s.demo.interceptor.TestInterceptor1 - >>>>>>>>>>>>>>>>>>>>>>>>> afterCompletion 1 
